TN:
SF:/Users/vipinjoshi/Documents/github/SalarySlipApplication/src/polyfills.ts
FNF:0
FNH:0
LF:0
LH:0
BRF:0
BRH:0
end_of_record
TN:
SF:/Users/vipinjoshi/Documents/github/SalarySlipApplication/src/test.ts
FNF:0
FNH:0
DA:13,1
DA:18,1
DA:20,1
LF:3
LH:3
BRF:0
BRH:0
end_of_record
TN:
SF:/Users/vipinjoshi/Documents/github/SalarySlipApplication/src/app/app.component.ts
FN:16,(anonymous_0)
FN:17,(anonymous_1)
FN:18,(anonymous_2)
FN:24,(anonymous_3)
FN:27,(anonymous_4)
FNF:5
FNH:1
FNDA:2,(anonymous_0)
FNDA:0,(anonymous_1)
FNDA:0,(anonymous_2)
FNDA:0,(anonymous_3)
FNDA:0,(anonymous_4)
DA:11,1
DA:12,2
DA:16,2
DA:18,0
DA:19,0
DA:20,0
DA:22,0
DA:24,0
DA:25,0
DA:26,0
DA:28,0
DA:29,0
LF:12
LH:3
BRDA:19,0,0,0
BRDA:19,0,1,0
BRF:2
BRH:0
end_of_record
TN:
SF:/Users/vipinjoshi/Documents/github/SalarySlipApplication/src/app/dashboard/dashboard.component.ts
FN:33,(anonymous_0)
FN:37,(anonymous_1)
FN:43,(anonymous_2)
FN:47,(anonymous_3)
FN:58,(anonymous_4)
FN:63,(anonymous_5)
FN:67,(anonymous_6)
FNF:7
FNH:2
FNDA:1,(anonymous_0)
FNDA:1,(anonymous_1)
FNDA:0,(anonymous_2)
FNDA:0,(anonymous_3)
FNDA:0,(anonymous_4)
FNDA:0,(anonymous_5)
FNDA:0,(anonymous_6)
DA:16,1
DA:20,1
DA:23,1
DA:24,1
DA:26,1
DA:27,1
DA:28,1
DA:33,1
DA:38,1
DA:39,1
DA:40,1
DA:41,3
DA:43,1
DA:44,0
DA:45,0
DA:46,0
DA:48,0
DA:49,0
DA:51,1
DA:59,0
DA:64,0
DA:68,0
LF:22
LH:14
BRF:0
BRH:0
end_of_record
TN:
SF:/Users/vipinjoshi/Documents/github/SalarySlipApplication/src/app/directives/drag-drop.directive.ts
FN:3,(anonymous_0)
FN:12,(anonymous_1)
FN:19,(anonymous_2)
FN:26,(anonymous_3)
FNF:4
FNH:1
FNDA:1,(anonymous_0)
FNDA:0,(anonymous_1)
FNDA:0,(anonymous_2)
FNDA:0,(anonymous_3)
DA:6,1
DA:7,1
DA:9,1
DA:10,1
DA:12,1
DA:13,0
DA:14,0
DA:15,0
DA:16,0
DA:19,1
DA:20,0
DA:21,0
DA:22,0
DA:23,0
DA:26,1
DA:27,0
DA:28,0
DA:29,0
DA:30,0
DA:31,0
DA:32,0
LF:21
LH:7
BRF:0
BRH:0
end_of_record
TN:
SF:/Users/vipinjoshi/Documents/github/SalarySlipApplication/src/app/file-upload/file-upload.component.ts
FN:36,(anonymous_0)
FN:40,(anonymous_1)
FN:42,(anonymous_2)
FN:51,(anonymous_3)
FN:56,(anonymous_4)
FN:68,(anonymous_5)
FN:74,(anonymous_6)
FN:92,(anonymous_7)
FN:98,(anonymous_8)
FN:111,(anonymous_9)
FN:123,(anonymous_10)
FN:130,(anonymous_11)
FN:131,(anonymous_12)
FN:137,(anonymous_13)
FN:146,(anonymous_14)
FN:161,(anonymous_15)
FN:166,(anonymous_16)
FN:171,(anonymous_17)
FN:175,(anonymous_18)
FNF:19
FNH:2
FNDA:1,(anonymous_0)
FNDA:1,(anonymous_1)
FNDA:0,(anonymous_2)
FNDA:0,(anonymous_3)
FNDA:0,(anonymous_4)
FNDA:0,(anonymous_5)
FNDA:0,(anonymous_6)
FNDA:0,(anonymous_7)
FNDA:0,(anonymous_8)
FNDA:0,(anonymous_9)
FNDA:0,(anonymous_10)
FNDA:0,(anonymous_11)
FNDA:0,(anonymous_12)
FNDA:0,(anonymous_13)
FNDA:0,(anonymous_14)
FNDA:0,(anonymous_15)
FNDA:0,(anonymous_16)
FNDA:0,(anonymous_17)
FNDA:0,(anonymous_18)
DA:14,1
DA:18,1
DA:19,1
DA:21,1
DA:22,1
DA:23,1
DA:27,1
DA:28,1
DA:29,1
DA:33,1
DA:36,1
DA:37,1
DA:41,1
DA:42,1
DA:43,0
DA:44,0
DA:46,0
DA:48,1
DA:49,3
DA:51,1
DA:52,0
DA:53,0
DA:54,0
DA:55,0
DA:57,0
DA:58,0
DA:59,0
DA:61,1
DA:69,0
DA:70,0
DA:75,0
DA:76,0
DA:77,0
DA:78,0
DA:79,0
DA:81,0
DA:82,0
DA:83,0
DA:84,0
DA:85,0
DA:87,0
DA:93,0
DA:94,0
DA:95,0
DA:96,0
DA:97,0
DA:99,0
DA:100,0
DA:101,0
DA:102,0
DA:103,0
DA:104,0
DA:106,0
DA:107,0
DA:108,0
DA:109,0
DA:110,0
DA:112,0
DA:113,0
DA:114,0
DA:115,0
DA:117,0
DA:118,0
DA:119,0
DA:124,0
DA:125,0
DA:127,0
DA:131,0
DA:132,0
DA:134,0
DA:138,0
DA:139,0
DA:140,0
DA:141,0
DA:147,0
DA:148,0
DA:149,0
DA:150,0
DA:151,0
DA:152,0
DA:154,0
DA:157,0
DA:158,0
DA:162,0
DA:163,0
DA:167,0
DA:172,0
DA:176,0
DA:177,0
DA:178,0
DA:179,0
LF:91
LH:18
BRDA:43,0,0,0
BRDA:43,0,1,0
BRDA:78,1,0,0
BRDA:78,1,1,0
BRDA:83,2,0,0
BRDA:83,2,1,0
BRDA:112,3,0,0
BRDA:112,3,1,0
BRDA:114,4,0,0
BRDA:114,4,1,0
BRDA:140,5,0,0
BRDA:140,5,1,0
BRDA:148,6,0,0
BRDA:148,6,1,0
BRDA:150,7,0,0
BRDA:150,7,1,0
BRF:16
BRH:0
end_of_record
TN:
SF:/Users/vipinjoshi/Documents/github/SalarySlipApplication/src/app/footer/footer.component.ts
FN:10,(anonymous_0)
FN:12,(anonymous_1)
FNF:2
FNH:2
FNDA:1,(anonymous_0)
FNDA:1,(anonymous_1)
DA:8,1
LF:1
LH:1
BRF:0
BRH:0
end_of_record
TN:
SF:/Users/vipinjoshi/Documents/github/SalarySlipApplication/src/app/monthly-salary-list/monthly-salary-list.component.ts
FN:24,(anonymous_0)
FN:26,(anonymous_1)
FN:31,(anonymous_2)
FN:36,(anonymous_3)
FN:43,(anonymous_4)
FN:50,(anonymous_5)
FN:55,(anonymous_6)
FNF:7
FNH:3
FNDA:1,(anonymous_0)
FNDA:1,(anonymous_1)
FNDA:1,(anonymous_2)
FNDA:0,(anonymous_3)
FNDA:0,(anonymous_4)
FNDA:0,(anonymous_5)
FNDA:0,(anonymous_6)
DA:12,1
DA:13,1
DA:14,1
DA:16,1
DA:17,1
DA:18,1
DA:21,1
DA:24,1
DA:27,1
DA:28,3
DA:30,1
DA:31,1
DA:32,1
DA:35,1
DA:37,0
DA:38,0
DA:40,0
DA:41,0
DA:42,0
DA:44,0
DA:45,0
DA:46,0
DA:51,0
DA:56,0
LF:24
LH:14
BRDA:37,0,0,0
BRDA:37,0,1,0
BRF:2
BRH:0
end_of_record
TN:
SF:/Users/vipinjoshi/Documents/github/SalarySlipApplication/src/app/nav/nav.component.ts
FN:27,(anonymous_0)
FN:29,(anonymous_1)
FN:34,(anonymous_2)
FN:43,(anonymous_3)
FN:47,(anonymous_4)
FNF:5
FNH:3
FNDA:2,(anonymous_0)
FNDA:3,(anonymous_1)
FNDA:1,(anonymous_2)
FNDA:0,(anonymous_3)
FNDA:0,(anonymous_4)
DA:16,1
DA:27,2
DA:30,3
DA:31,3
DA:34,3
DA:35,1
DA:36,1
DA:37,1
DA:38,1
DA:39,1
DA:44,0
DA:49,0
LF:12
LH:10
BRDA:30,0,0,3
BRDA:30,0,1,0
BRF:2
BRH:1
end_of_record
TN:
SF:/Users/vipinjoshi/Documents/github/SalarySlipApplication/src/app/page-not-found/page-not-found.component.ts
FN:10,(anonymous_0)
FN:12,(anonymous_1)
FNF:2
FNH:2
FNDA:1,(anonymous_0)
FNDA:1,(anonymous_1)
DA:8,1
LF:1
LH:1
BRF:0
BRH:0
end_of_record
TN:
SF:/Users/vipinjoshi/Documents/github/SalarySlipApplication/src/app/salary-slip/salary-slip.component.ts
FN:49,(anonymous_0)
FN:51,(anonymous_1)
FN:53,(anonymous_2)
FN:57,(anonymous_3)
FN:63,(anonymous_4)
FN:91,(anonymous_5)
FN:97,(anonymous_6)
FN:101,(anonymous_7)
FN:105,(anonymous_8)
FNF:9
FNH:4
FNDA:1,(anonymous_0)
FNDA:1,(anonymous_1)
FNDA:1,(anonymous_2)
FNDA:1,(anonymous_3)
FNDA:0,(anonymous_4)
FNDA:0,(anonymous_5)
FNDA:0,(anonymous_6)
FNDA:0,(anonymous_7)
FNDA:0,(anonymous_8)
DA:14,1
DA:15,1
DA:33,1
DA:34,1
DA:36,1
DA:37,1
DA:38,1
DA:43,1
DA:45,1
DA:49,1
DA:52,1
DA:53,1
DA:54,1
DA:57,1
DA:58,1
DA:59,1
DA:62,1
DA:64,0
DA:65,0
DA:66,0
DA:67,0
DA:68,0
DA:69,0
DA:76,0
DA:78,0
DA:79,0
DA:80,0
DA:81,0
DA:84,0
DA:85,0
DA:86,0
DA:88,0
DA:89,0
DA:92,0
DA:93,0
DA:98,0
DA:102,0
DA:106,0
LF:38
LH:17
BRDA:64,0,0,0
BRDA:64,0,1,0
BRDA:70,1,0,0
BRDA:70,1,1,0
BRDA:80,2,0,0
BRDA:80,2,1,0
BRF:6
BRH:0
end_of_record
TN:
SF:/Users/vipinjoshi/Documents/github/SalarySlipApplication/src/app/services/authentication-guard.service.ts
FN:10,(anonymous_0)
FN:12,(anonymous_1)
FNF:2
FNH:1
FNDA:1,(anonymous_0)
FNDA:0,(anonymous_1)
DA:8,1
DA:10,1
DA:13,0
DA:14,0
DA:15,0
DA:16,0
DA:18,0
LF:7
LH:2
BRDA:14,0,0,0
BRDA:14,0,1,0
BRF:2
BRH:0
end_of_record
TN:
SF:/Users/vipinjoshi/Documents/github/SalarySlipApplication/src/app/services/authentication.service.ts
FN:11,(anonymous_0)
FN:18,(anonymous_1)
FN:22,(anonymous_2)
FN:37,(anonymous_3)
FNF:4
FNH:2
FNDA:6,(anonymous_0)
FNDA:0,(anonymous_1)
FNDA:0,(anonymous_2)
FNDA:4,(anonymous_3)
DA:9,1
DA:10,6
DA:11,6
DA:14,6
DA:19,0
DA:23,0
DA:24,0
DA:25,0
DA:26,0
DA:27,0
DA:28,0
DA:30,0
DA:31,0
DA:34,0
DA:38,4
LF:15
LH:5
BRDA:30,0,0,0
BRDA:30,0,1,0
BRF:2
BRH:0
end_of_record
TN:
SF:/Users/vipinjoshi/Documents/github/SalarySlipApplication/src/app/services/employee-detail.service.ts
FN:12,(anonymous_0)
FN:14,(anonymous_1)
FNF:2
FNH:2
FNDA:2,(anonymous_0)
FNDA:1,(anonymous_1)
DA:9,1
DA:10,2
DA:12,2
DA:15,1
DA:16,1
LF:5
LH:5
BRF:0
BRH:0
end_of_record
TN:
SF:/Users/vipinjoshi/Documents/github/SalarySlipApplication/src/app/services/fetch-salary.service.ts
FN:13,(anonymous_0)
FN:15,(anonymous_1)
FNF:2
FNH:2
FNDA:2,(anonymous_0)
FNDA:1,(anonymous_1)
DA:10,1
DA:12,2
DA:13,2
DA:16,1
DA:17,1
LF:5
LH:5
BRF:0
BRH:0
end_of_record
TN:
SF:/Users/vipinjoshi/Documents/github/SalarySlipApplication/src/app/services/file-upload.service.ts
FN:12,(anonymous_0)
FN:14,(anonymous_1)
FNF:2
FNH:1
FNDA:2,(anonymous_0)
FNDA:0,(anonymous_1)
DA:9,1
DA:10,2
DA:12,2
DA:15,0
DA:16,0
DA:17,0
LF:6
LH:3
BRF:0
BRH:0
end_of_record
TN:
SF:/Users/vipinjoshi/Documents/github/SalarySlipApplication/src/app/services/http-interceptor.service.ts
FN:17,(anonymous_0)
FN:18,(anonymous_1)
FN:26,(anonymous_2)
FN:29,(anonymous_3)
FNF:4
FNH:1
FNDA:1,(anonymous_0)
FNDA:0,(anonymous_1)
FNDA:0,(anonymous_2)
FNDA:0,(anonymous_3)
DA:16,1
DA:17,1
DA:20,0
DA:21,0
DA:22,0
DA:23,0
DA:26,0
DA:27,0
DA:30,0
DA:31,0
DA:32,0
DA:33,0
DA:34,0
DA:35,0
LF:14
LH:2
BRDA:22,0,0,0
BRDA:22,0,1,0
BRDA:27,1,0,0
BRDA:27,1,1,0
BRDA:31,2,0,0
BRDA:31,2,1,0
BRDA:33,3,0,0
BRDA:33,3,1,0
BRDA:33,4,0,0
BRDA:33,4,1,0
BRF:10
BRH:0
end_of_record
TN:
SF:/Users/vipinjoshi/Documents/github/SalarySlipApplication/src/app/services/user-detail.service.ts
FN:13,(anonymous_0)
FN:15,(anonymous_1)
FN:20,(anonymous_2)
FN:25,(anonymous_3)
FN:29,(anonymous_4)
FN:37,(anonymous_5)
FN:41,(anonymous_6)
FNF:7
FNH:7
FNDA:13,(anonymous_0)
FNDA:2,(anonymous_1)
FNDA:2,(anonymous_2)
FNDA:1,(anonymous_3)
FNDA:2,(anonymous_4)
FNDA:1,(anonymous_5)
FNDA:1,(anonymous_6)
DA:10,1
DA:11,13
DA:13,13
DA:16,2
DA:17,2
DA:21,2
DA:22,2
DA:26,1
DA:30,2
DA:31,2
DA:33,0
DA:36,13
DA:38,1
DA:42,1
LF:14
LH:13
BRDA:30,0,0,2
BRDA:30,0,1,0
BRF:2
BRH:1
end_of_record
TN:
SF:/Users/vipinjoshi/Documents/github/SalarySlipApplication/src/app/shared/inrcurrency.pipe.ts
FN:7,(anonymous_0)
FNF:1
FNH:0
FNDA:0,(anonymous_0)
DA:6,1
DA:8,0
DA:9,0
DA:10,0
DA:11,0
DA:12,0
DA:13,0
DA:15,0
DA:16,0
DA:17,0
DA:19,0
DA:21,0
LF:12
LH:1
BRDA:8,0,0,0
BRDA:8,0,1,0
BRDA:8,1,0,0
BRDA:8,1,1,0
BRDA:8,1,2,0
BRDA:12,2,0,0
BRDA:12,2,1,0
BRDA:12,3,0,0
BRDA:12,3,1,0
BRDA:16,4,0,0
BRDA:16,4,1,0
BRF:11
BRH:0
end_of_record
TN:
SF:/Users/vipinjoshi/Documents/github/SalarySlipApplication/src/app/shared/data-not-found/data-not-found.component.ts
FN:10,(anonymous_0)
FN:12,(anonymous_1)
FNF:2
FNH:2
FNDA:1,(anonymous_0)
FNDA:1,(anonymous_1)
DA:8,1
DA:13,1
LF:2
LH:2
BRF:0
BRH:0
end_of_record
TN:
SF:/Users/vipinjoshi/Documents/github/SalarySlipApplication/src/environments/environment.ts
FNF:0
FNH:0
DA:5,1
LF:1
LH:1
BRF:0
BRH:0
end_of_record
